<?xml version="1.0" encoding="UTF-8"?>
<!-- Generated by org.testng.reporters.JUnitXMLReporter -->
<testsuite ignored="0" hostname="HeyGorgeous" failures="0" tests="11" name="Default test" time="53.675" errors="0" timestamp="2024-06-06T22:28:51 IST">
  <testcase classname="tests.FacebookLoginTest" name="testCreateNewAccountButtonValidation" time="0.114"/>
  <testcase classname="tests.FacebookLoginTest" name="testFacebookLogin" time="4.89"/>
  <testcase classname="tests.FacebookLoginTest" name="testFacebookLogin" time="1.713"/>
  <testcase classname="tests.FacebookLoginTest" name="testFacebookLogin" time="1.422"/>
  <testcase classname="tests.FacebookLoginTest" name="testFacebookLogin" time="1.404"/>
  <testcase classname="tests.FacebookLoginTest" name="testFacebookLogin" time="1.6"/>
  <testcase classname="tests.FacebookLoginTest" name="testFacebookLogin" time="1.605"/>
  <testcase classname="tests.FacebookLoginTest" name="testInputFieldValidation" time="0.085"/>
  <testcase classname="tests.FacebookLoginTest" name="testLoginButtonValidation" time="0.046"/>
  <testcase classname="tests.FacebookLoginTest" name="testTitleValidation" time="0.017"/>
  <testcase classname="tests.FacebookLoginTest" name="testURLValidation" time="0.014"/>
</testsuite> <!-- Default test -->
