<?xml version="1.0" encoding="UTF-8"?>
<!-- Generated by org.testng.reporters.JUnitXMLReporter -->
<testsuite ignored="5" hostname="HeyGorgeous" failures="0" tests="4" name="Test" time="0.082" errors="0" timestamp="2024-06-04T22:28:34 IST">
  <testcase classname="testNGGroups.TestNGGroup1" name="test1" time="0.01"/>
  <testcase classname="testNGGroups.TestNGGroup1" name="test3" time="0.002"/>
  <testcase classname="testNGGroups.TestNGGroup1" name="test4" time="0.002"/>
  <testcase classname="testNGGroups.TestNGGroup2" name="test7" time="0.002"/>
  <testcase classname="testNGGroups.TestNGGroup1" name="test2" time="0.0">
    <ignored/>
  </testcase> <!-- test2 -->
  <testcase classname="testNGGroups.TestNGGroup2" name="test10" time="0.0">
    <ignored/>
  </testcase> <!-- test10 -->
  <testcase classname="testNGGroups.TestNGGroup2" name="test8" time="0.0">
    <ignored/>
  </testcase> <!-- test8 -->
  <testcase classname="testNGGroups.TestNGGroup2" name="test9" time="0.0">
    <ignored/>
  </testcase> <!-- test9 -->
  <testcase classname="testNGGroups.TestNGGroup1" name="test5" time="0.0">
    <ignored/>
  </testcase> <!-- test5 -->
</testsuite> <!-- Test -->
