<?xml version="1.0" encoding="UTF-8"?>
<!-- Generated by org.testng.reporters.JUnitXMLReporter -->
<testsuite ignored="5" hostname="HeyGorgeous" failures="1" tests="3" name="Test(failed)" time="0.142" errors="0" timestamp="2024-05-30T22:36:55 IST">
  <testcase classname="seleniumClass.TestNG4" name="a" time="0.035">
    <failure type="java.lang.AssertionError" message="expected [true] but found [false]">
      <![CDATA[java.lang.AssertionError: expected [true] but found [false]
at seleniumClass.TestNG4.a(TestNG4.java:10)
at java.base/java.util.ArrayList.forEach(ArrayList.java:1511)
... Removed 31 stack frames]]>
    </failure>
  </testcase> <!-- a -->
  <testcase classname="seleniumClass.TestNG4" name="b" time="0.001">
    <skipped/>
  </testcase> <!-- b -->
  <testcase classname="seleniumClass.TestNG3" name="b3" time="0.002">
    <skipped/>
  </testcase> <!-- b3 -->
  <testcase classname="seleniumClass.TestNG3" name="test1" time="0.0">
    <ignored/>
  </testcase> <!-- test1 -->
  <testcase classname="seleniumClass.TestNG3" name="b1" time="0.0">
    <ignored/>
  </testcase> <!-- b1 -->
  <testcase classname="seleniumClass.TestNG3" name="b" time="0.0">
    <ignored/>
  </testcase> <!-- b -->
  <testcase classname="seleniumClass.TestNG3" name="b2" time="0.0">
    <ignored/>
  </testcase> <!-- b2 -->
  <testcase classname="seleniumClass.TestNG3" name="a" time="0.0">
    <ignored/>
  </testcase> <!-- a -->
</testsuite> <!-- Test(failed) -->
